2023-08-23T08:19:38+00:00 CRITICAL syntax error, unexpected 'public' (T_PUBLIC), expecting end of file in D:\OSPanel\domains\WPburrito\wp-content\themes\wp_burrito\home.php on line 106

2023-08-23T13:03:48+00:00 CRITICAL syntax error, unexpected '$cat' (T_VARIABLE) in D:\OSPanel\domains\WPburrito\wp-content\themes\wp_burrito\home.php on line 128

2023-08-23T13:04:20+00:00 CRITICAL syntax error, unexpected '1' (T_LNUMBER), expecting ')' in D:\OSPanel\domains\WPburrito\wp-content\themes\wp_burrito\home.php on line 129

2023-08-23T13:04:53+00:00 CRITICAL Uncaught Error: Call to undefined method WP_Term::name() in D:\OSPanel\domains\WPburrito\wp-content\themes\wp_burrito\home.php:129
Stack trace:
#0 D:\OSPanel\domains\WPburrito\wp-includes\template-loader.php(106): include()
#1 D:\OSPanel\domains\WPburrito\wp-blog-header.php(19): require_once('D:\\OSPanel\\doma...')
#2 D:\OSPanel\domains\WPburrito\index.php(17): require('D:\\OSPanel\\doma...')
#3 {main}
  thrown in D:\OSPanel\domains\WPburrito\wp-content\themes\wp_burrito\home.php on line 129

2023-08-23T13:13:13+00:00 CRITICAL Uncaught Error: Call to undefined function have_products() in D:\OSPanel\domains\WPburrito\wp-content\themes\wp_burrito\home.php:186
Stack trace:
#0 D:\OSPanel\domains\WPburrito\wp-includes\template-loader.php(106): include()
#1 D:\OSPanel\domains\WPburrito\wp-blog-header.php(19): require_once('D:\\OSPanel\\doma...')
#2 D:\OSPanel\domains\WPburrito\index.php(17): require('D:\\OSPanel\\doma...')
#3 {main}
  thrown in D:\OSPanel\domains\WPburrito\wp-content\themes\wp_burrito\home.php on line 186

2023-08-23T13:17:41+00:00 CRITICAL Uncaught Error: Call to a member function get_price() on null in D:\OSPanel\domains\WPburrito\wp-content\themes\wp_burrito\home.php:186
Stack trace:
#0 D:\OSPanel\domains\WPburrito\wp-includes\template-loader.php(106): include()
#1 D:\OSPanel\domains\WPburrito\wp-blog-header.php(19): require_once('D:\\OSPanel\\doma...')
#2 D:\OSPanel\domains\WPburrito\index.php(17): require('D:\\OSPanel\\doma...')
#3 {main}
  thrown in D:\OSPanel\domains\WPburrito\wp-content\themes\wp_burrito\home.php on line 186

2023-08-23T13:24:53+00:00 CRITICAL Cannot redeclare wc_get_product() (previously declared in D:\OSPanel\domains\WPburrito\wp-content\plugins\woocommerce\includes\wc-product-functions.php:63) in D:\OSPanel\domains\WPburrito\wp-content\themes\wp_burrito\home.php on line 190

2023-08-23T13:25:01+00:00 CRITICAL Cannot redeclare wc_get_product() (previously declared in D:\OSPanel\domains\WPburrito\wp-content\plugins\woocommerce\includes\wc-product-functions.php:63) in D:\OSPanel\domains\WPburrito\wp-content\themes\wp_burrito\home.php on line 190

