2023-08-25T05:07:48+00:00 CRITICAL syntax error, unexpected 'display_custom_product_attribu' (T_STRING), expecting ';' or ',' in D:\OSPanel\domains\WPburrito\wp-content\themes\wp_burrito\functions.php on line 183

2023-08-25T05:07:49+00:00 CRITICAL syntax error, unexpected 'display_custom_product_attribu' (T_STRING), expecting ';' or ',' in D:\OSPanel\domains\WPburrito\wp-content\themes\wp_burrito\functions.php on line 183

2023-08-25T05:08:05+00:00 CRITICAL syntax error, unexpected 'display_custom_product_attribu' (T_STRING), expecting ';' or ',' in D:\OSPanel\domains\WPburrito\wp-content\themes\wp_burrito\functions.php on line 183

2023-08-25T05:08:06+00:00 CRITICAL syntax error, unexpected 'display_custom_product_attribu' (T_STRING), expecting ';' or ',' in D:\OSPanel\domains\WPburrito\wp-content\themes\wp_burrito\functions.php on line 183

2023-08-25T06:05:15+00:00 CRITICAL Uncaught Error: Call to undefined function the_product_cat() in D:\OSPanel\domains\WPburrito\wp-content\themes\wp_burrito\page-shop.php:53
Stack trace:
#0 D:\OSPanel\domains\WPburrito\wp-includes\template-loader.php(106): include()
#1 D:\OSPanel\domains\WPburrito\wp-blog-header.php(19): require_once('D:\\OSPanel\\doma...')
#2 D:\OSPanel\domains\WPburrito\index.php(17): require('D:\\OSPanel\\doma...')
#3 {main}
  thrown in D:\OSPanel\domains\WPburrito\wp-content\themes\wp_burrito\page-shop.php on line 53

2023-08-25T06:05:51+00:00 CRITICAL Uncaught Error: Call to undefined function the_taxonomy() in D:\OSPanel\domains\WPburrito\wp-content\themes\wp_burrito\page-shop.php:53
Stack trace:
#0 D:\OSPanel\domains\WPburrito\wp-includes\template-loader.php(106): include()
#1 D:\OSPanel\domains\WPburrito\wp-blog-header.php(19): require_once('D:\\OSPanel\\doma...')
#2 D:\OSPanel\domains\WPburrito\index.php(17): require('D:\\OSPanel\\doma...')
#3 {main}
  thrown in D:\OSPanel\domains\WPburrito\wp-content\themes\wp_burrito\page-shop.php on line 53

2023-08-25T06:08:52+00:00 CRITICAL Uncaught ArgumentCountError: Too few arguments to function get_the_terms(), 0 passed in D:\OSPanel\domains\WPburrito\wp-content\themes\wp_burrito\page-shop.php on line 53 and exactly 2 expected in D:\OSPanel\domains\WPburrito\wp-includes\category-template.php:1288
Stack trace:
#0 D:\OSPanel\domains\WPburrito\wp-content\themes\wp_burrito\page-shop.php(53): get_the_terms()
#1 D:\OSPanel\domains\WPburrito\wp-includes\template-loader.php(106): include('D:\\OSPanel\\doma...')
#2 D:\OSPanel\domains\WPburrito\wp-blog-header.php(19): require_once('D:\\OSPanel\\doma...')
#3 D:\OSPanel\domains\WPburrito\index.php(17): require('D:\\OSPanel\\doma...')
#4 {main}
  thrown in D:\OSPanel\domains\WPburrito\wp-includes\category-template.php on line 1288

2023-08-25T07:03:57+00:00 CRITICAL Uncaught Error: Object of class WP_Error could not be converted to string in D:\OSPanel\domains\WPburrito\wp-content\themes\wp_burrito\page-shop.php:74
Stack trace:
#0 D:\OSPanel\domains\WPburrito\wp-includes\template-loader.php(106): include()
#1 D:\OSPanel\domains\WPburrito\wp-blog-header.php(19): require_once('D:\\OSPanel\\doma...')
#2 D:\OSPanel\domains\WPburrito\index.php(17): require('D:\\OSPanel\\doma...')
#3 {main}
  thrown in D:\OSPanel\domains\WPburrito\wp-content\themes\wp_burrito\page-shop.php on line 74

2023-08-25T07:32:00+00:00 CRITICAL Uncaught ArgumentCountError: Too few arguments to function set_post_thumbnail(), 0 passed in D:\OSPanel\domains\WPburrito\wp-content\themes\wp_burrito\single.php on line 10 and exactly 2 expected in D:\OSPanel\domains\WPburrito\wp-includes\post.php:7628
Stack trace:
#0 D:\OSPanel\domains\WPburrito\wp-content\themes\wp_burrito\single.php(10): set_post_thumbnail()
#1 D:\OSPanel\domains\WPburrito\wp-includes\template-loader.php(106): include('D:\\OSPanel\\doma...')
#2 D:\OSPanel\domains\WPburrito\wp-blog-header.php(19): require_once('D:\\OSPanel\\doma...')
#3 D:\OSPanel\domains\WPburrito\index.php(17): require('D:\\OSPanel\\doma...')
#4 {main}
  thrown in D:\OSPanel\domains\WPburrito\wp-includes\post.php on line 7628

