2023-08-24T13:16:48+00:00 CRITICAL Uncaught Error: Call to undefined function wp_list_posts() in D:\OSPanel\domains\WPburrito\wp-content\themes\wp_burrito\home.php:136
Stack trace:
#0 D:\OSPanel\domains\WPburrito\wp-includes\template-loader.php(106): include()
#1 D:\OSPanel\domains\WPburrito\wp-blog-header.php(19): require_once('D:\\OSPanel\\doma...')
#2 D:\OSPanel\domains\WPburrito\index.php(17): require('D:\\OSPanel\\doma...')
#3 {main}
  thrown in D:\OSPanel\domains\WPburrito\wp-content\themes\wp_burrito\home.php on line 136

2023-08-24T13:17:01+00:00 CRITICAL Uncaught Error: Call to undefined function wp_list_products() in D:\OSPanel\domains\WPburrito\wp-content\themes\wp_burrito\home.php:136
Stack trace:
#0 D:\OSPanel\domains\WPburrito\wp-includes\template-loader.php(106): include()
#1 D:\OSPanel\domains\WPburrito\wp-blog-header.php(19): require_once('D:\\OSPanel\\doma...')
#2 D:\OSPanel\domains\WPburrito\index.php(17): require('D:\\OSPanel\\doma...')
#3 {main}
  thrown in D:\OSPanel\domains\WPburrito\wp-content\themes\wp_burrito\home.php on line 136

2023-08-24T13:21:57+00:00 CRITICAL syntax error, unexpected '<', expecting end of file in D:\OSPanel\domains\WPburrito\wp-content\themes\wp_burrito\home.php on line 108

2023-08-24T13:30:27+00:00 CRITICAL Uncaught Error: Call to undefined function woocommerce_template_loop_weight() in D:\OSPanel\domains\WPburrito\wp-content\themes\wp_burrito\page-shop.php:41
Stack trace:
#0 D:\OSPanel\domains\WPburrito\wp-includes\template-loader.php(106): include()
#1 D:\OSPanel\domains\WPburrito\wp-blog-header.php(19): require_once('D:\\OSPanel\\doma...')
#2 D:\OSPanel\domains\WPburrito\index.php(17): require('D:\\OSPanel\\doma...')
#3 {main}
  thrown in D:\OSPanel\domains\WPburrito\wp-content\themes\wp_burrito\page-shop.php on line 41

2023-08-24T13:30:58+00:00 CRITICAL Uncaught Error: Call to undefined function woocommerce_template_loop_weight() in D:\OSPanel\domains\WPburrito\wp-content\themes\wp_burrito\page-shop.php:41
Stack trace:
#0 D:\OSPanel\domains\WPburrito\wp-includes\template-loader.php(106): include()
#1 D:\OSPanel\domains\WPburrito\wp-blog-header.php(19): require_once('D:\\OSPanel\\doma...')
#2 D:\OSPanel\domains\WPburrito\index.php(17): require('D:\\OSPanel\\doma...')
#3 {main}
  thrown in D:\OSPanel\domains\WPburrito\wp-content\themes\wp_burrito\page-shop.php on line 41

2023-08-24T13:35:16+00:00 CRITICAL Uncaught Error: Call to undefined function woocommerce_template_loop_product_description() in D:\OSPanel\domains\WPburrito\wp-content\themes\wp_burrito\page-shop.php:41
Stack trace:
#0 D:\OSPanel\domains\WPburrito\wp-includes\template-loader.php(106): include()
#1 D:\OSPanel\domains\WPburrito\wp-blog-header.php(19): require_once('D:\\OSPanel\\doma...')
#2 D:\OSPanel\domains\WPburrito\index.php(17): require('D:\\OSPanel\\doma...')
#3 {main}
  thrown in D:\OSPanel\domains\WPburrito\wp-content\themes\wp_burrito\page-shop.php on line 41

2023-08-24T13:42:22+00:00 CRITICAL Uncaught Error: Call to undefined function the_post_calories() in D:\OSPanel\domains\WPburrito\wp-content\themes\wp_burrito\page-shop.php:41
Stack trace:
#0 D:\OSPanel\domains\WPburrito\wp-includes\template-loader.php(106): include()
#1 D:\OSPanel\domains\WPburrito\wp-blog-header.php(19): require_once('D:\\OSPanel\\doma...')
#2 D:\OSPanel\domains\WPburrito\index.php(17): require('D:\\OSPanel\\doma...')
#3 {main}
  thrown in D:\OSPanel\domains\WPburrito\wp-content\themes\wp_burrito\page-shop.php on line 41

2023-08-24T14:13:27+00:00 CRITICAL Out of memory (allocated 16777216) (tried to allocate 65536 bytes) in D:\OSPanel\domains\WPburrito\wp-content\plugins\google-listings-and-ads\src\API\Site\Controllers\MerchantCenter\ShippingTimeController.php on line 24

2023-08-24T16:14:53+00:00 CRITICAL Uncaught Error: Call to undefined function woocommerce_after_shop_loop_item_title() in D:\OSPanel\domains\WPburrito\wp-content\themes\wp_burrito\page-shop.php:57
Stack trace:
#0 D:\OSPanel\domains\WPburrito\wp-includes\template-loader.php(106): include()
#1 D:\OSPanel\domains\WPburrito\wp-blog-header.php(19): require_once('D:\\OSPanel\\doma...')
#2 D:\OSPanel\domains\WPburrito\index.php(17): require('D:\\OSPanel\\doma...')
#3 {main}
  thrown in D:\OSPanel\domains\WPburrito\wp-content\themes\wp_burrito\page-shop.php on line 57

2023-08-24T16:15:11+00:00 CRITICAL Uncaught Error: Call to undefined function woocommerce_after_shop_loop_item_title() in D:\OSPanel\domains\WPburrito\wp-content\themes\wp_burrito\page-shop.php:57
Stack trace:
#0 D:\OSPanel\domains\WPburrito\wp-includes\template-loader.php(106): include()
#1 D:\OSPanel\domains\WPburrito\wp-blog-header.php(19): require_once('D:\\OSPanel\\doma...')
#2 D:\OSPanel\domains\WPburrito\index.php(17): require('D:\\OSPanel\\doma...')
#3 {main}
  thrown in D:\OSPanel\domains\WPburrito\wp-content\themes\wp_burrito\page-shop.php on line 57

2023-08-24T16:16:29+00:00 CRITICAL Uncaught Error: Call to undefined function woocommerce_before_shop_loop_item() in D:\OSPanel\domains\WPburrito\wp-content\themes\wp_burrito\page-shop.php:57
Stack trace:
#0 D:\OSPanel\domains\WPburrito\wp-includes\template-loader.php(106): include()
#1 D:\OSPanel\domains\WPburrito\wp-blog-header.php(19): require_once('D:\\OSPanel\\doma...')
#2 D:\OSPanel\domains\WPburrito\index.php(17): require('D:\\OSPanel\\doma...')
#3 {main}
  thrown in D:\OSPanel\domains\WPburrito\wp-content\themes\wp_burrito\page-shop.php on line 57

2023-08-24T16:17:16+00:00 CRITICAL Uncaught Error: Call to undefined function woocommerce_loop_product_link() in D:\OSPanel\domains\WPburrito\wp-content\themes\wp_burrito\page-shop.php:57
Stack trace:
#0 D:\OSPanel\domains\WPburrito\wp-includes\template-loader.php(106): include()
#1 D:\OSPanel\domains\WPburrito\wp-blog-header.php(19): require_once('D:\\OSPanel\\doma...')
#2 D:\OSPanel\domains\WPburrito\index.php(17): require('D:\\OSPanel\\doma...')
#3 {main}
  thrown in D:\OSPanel\domains\WPburrito\wp-content\themes\wp_burrito\page-shop.php on line 57

2023-08-24T16:21:43+00:00 CRITICAL Uncaught Error: Call to undefined function woocommerce_loop_product_link() in D:\OSPanel\domains\WPburrito\wp-content\themes\wp_burrito\page-shop.php:57
Stack trace:
#0 D:\OSPanel\domains\WPburrito\wp-includes\template-loader.php(106): include()
#1 D:\OSPanel\domains\WPburrito\wp-blog-header.php(19): require_once('D:\\OSPanel\\doma...')
#2 D:\OSPanel\domains\WPburrito\index.php(17): require('D:\\OSPanel\\doma...')
#3 {main}
  thrown in D:\OSPanel\domains\WPburrito\wp-content\themes\wp_burrito\page-shop.php on line 57

2023-08-24T16:27:25+00:00 CRITICAL Uncaught Error: Call to undefined function get_attribute() in D:\OSPanel\domains\WPburrito\wp-content\themes\wp_burrito\page-shop.php:57
Stack trace:
#0 D:\OSPanel\domains\WPburrito\wp-includes\template-loader.php(106): include()
#1 D:\OSPanel\domains\WPburrito\wp-blog-header.php(19): require_once('D:\\OSPanel\\doma...')
#2 D:\OSPanel\domains\WPburrito\index.php(17): require('D:\\OSPanel\\doma...')
#3 {main}
  thrown in D:\OSPanel\domains\WPburrito\wp-content\themes\wp_burrito\page-shop.php on line 57

2023-08-24T16:28:06+00:00 CRITICAL Uncaught Error: Call to undefined function the_attribute() in D:\OSPanel\domains\WPburrito\wp-content\themes\wp_burrito\page-shop.php:57
Stack trace:
#0 D:\OSPanel\domains\WPburrito\wp-includes\template-loader.php(106): include()
#1 D:\OSPanel\domains\WPburrito\wp-blog-header.php(19): require_once('D:\\OSPanel\\doma...')
#2 D:\OSPanel\domains\WPburrito\index.php(17): require('D:\\OSPanel\\doma...')
#3 {main}
  thrown in D:\OSPanel\domains\WPburrito\wp-content\themes\wp_burrito\page-shop.php on line 57

2023-08-24T16:39:53+00:00 CRITICAL Uncaught Error: Call to undefined function woocommerce_after_shop_loop_item_title() in D:\OSPanel\domains\WPburrito\wp-content\themes\wp_burrito\page-shop.php:58
Stack trace:
#0 D:\OSPanel\domains\WPburrito\wp-includes\template-loader.php(106): include()
#1 D:\OSPanel\domains\WPburrito\wp-blog-header.php(19): require_once('D:\\OSPanel\\doma...')
#2 D:\OSPanel\domains\WPburrito\index.php(17): require('D:\\OSPanel\\doma...')
#3 {main}
  thrown in D:\OSPanel\domains\WPburrito\wp-content\themes\wp_burrito\page-shop.php on line 58

2023-08-24T16:54:11+00:00 CRITICAL Uncaught Error: Call to undefined function woocommerce_template_loop_item_title() in D:\OSPanel\domains\WPburrito\wp-content\themes\wp_burrito\page-shop.php:55
Stack trace:
#0 D:\OSPanel\domains\WPburrito\wp-includes\template-loader.php(106): include()
#1 D:\OSPanel\domains\WPburrito\wp-blog-header.php(19): require_once('D:\\OSPanel\\doma...')
#2 D:\OSPanel\domains\WPburrito\index.php(17): require('D:\\OSPanel\\doma...')
#3 {main}
  thrown in D:\OSPanel\domains\WPburrito\wp-content\themes\wp_burrito\page-shop.php on line 55

2023-08-24T16:54:33+00:00 CRITICAL Uncaught Error: Call to undefined function woocommerce_template_shop_loop_item_title() in D:\OSPanel\domains\WPburrito\wp-content\themes\wp_burrito\page-shop.php:55
Stack trace:
#0 D:\OSPanel\domains\WPburrito\wp-includes\template-loader.php(106): include()
#1 D:\OSPanel\domains\WPburrito\wp-blog-header.php(19): require_once('D:\\OSPanel\\doma...')
#2 D:\OSPanel\domains\WPburrito\index.php(17): require('D:\\OSPanel\\doma...')
#3 {main}
  thrown in D:\OSPanel\domains\WPburrito\wp-content\themes\wp_burrito\page-shop.php on line 55

