2023-08-29T05:59:58+00:00 CRITICAL Uncaught Error: Call to a member function get_price_html() on null in D:\OSPanel\domains\WPburrito\wp-content\plugins\woocommerce\templates\loop\price.php:25
Stack trace:
#0 D:\OSPanel\domains\WPburrito\wp-content\plugins\woocommerce\includes\wc-core-functions.php(345): include()
#1 D:\OSPanel\domains\WPburrito\wp-content\plugins\woocommerce\includes\wc-template-functions.php(1404): wc_get_template()
#2 D:\OSPanel\domains\WPburrito\wp-content\themes\wp_burrito\single.php(41): woocommerce_template_loop_price()
#3 D:\OSPanel\domains\WPburrito\wp-includes\template-loader.php(106): include('D:\\OSPanel\\doma...')
#4 D:\OSPanel\domains\WPburrito\wp-blog-header.php(19): require_once('D:\\OSPanel\\doma...')
#5 D:\OSPanel\domains\WPburrito\index.php(17): require('D:\\OSPanel\\doma...')
#6 {main}
  thrown in D:\OSPanel\domains\WPburrito\wp-content\plugins\woocommerce\templates\loop\price.php on line 25

2023-08-29T06:00:41+00:00 CRITICAL Uncaught Error: Call to a member function get_price_html() on null in D:\OSPanel\domains\WPburrito\wp-content\plugins\woocommerce\templates\loop\price.php:25
Stack trace:
#0 D:\OSPanel\domains\WPburrito\wp-content\plugins\woocommerce\includes\wc-core-functions.php(345): include()
#1 D:\OSPanel\domains\WPburrito\wp-content\plugins\woocommerce\includes\wc-template-functions.php(1404): wc_get_template()
#2 D:\OSPanel\domains\WPburrito\wp-content\themes\wp_burrito\single.php(41): woocommerce_template_loop_price()
#3 D:\OSPanel\domains\WPburrito\wp-includes\template-loader.php(106): include('D:\\OSPanel\\doma...')
#4 D:\OSPanel\domains\WPburrito\wp-blog-header.php(19): require_once('D:\\OSPanel\\doma...')
#5 D:\OSPanel\domains\WPburrito\index.php(17): require('D:\\OSPanel\\doma...')
#6 {main}
  thrown in D:\OSPanel\domains\WPburrito\wp-content\plugins\woocommerce\templates\loop\price.php on line 25

2023-08-29T06:00:55+00:00 CRITICAL Uncaught Error: Call to a member function get_price_html() on null in D:\OSPanel\domains\WPburrito\wp-content\plugins\woocommerce\templates\loop\price.php:25
Stack trace:
#0 D:\OSPanel\domains\WPburrito\wp-content\plugins\woocommerce\includes\wc-core-functions.php(345): include()
#1 D:\OSPanel\domains\WPburrito\wp-content\plugins\woocommerce\includes\wc-template-functions.php(1404): wc_get_template()
#2 D:\OSPanel\domains\WPburrito\wp-content\themes\wp_burrito\single.php(41): woocommerce_template_loop_price()
#3 D:\OSPanel\domains\WPburrito\wp-includes\template-loader.php(106): include('D:\\OSPanel\\doma...')
#4 D:\OSPanel\domains\WPburrito\wp-blog-header.php(19): require_once('D:\\OSPanel\\doma...')
#5 D:\OSPanel\domains\WPburrito\index.php(17): require('D:\\OSPanel\\doma...')
#6 {main}
  thrown in D:\OSPanel\domains\WPburrito\wp-content\plugins\woocommerce\templates\loop\price.php on line 25

2023-08-29T06:02:00+00:00 CRITICAL Uncaught Error: Call to a member function get_price_html() on null in D:\OSPanel\domains\WPburrito\wp-content\plugins\woocommerce\templates\loop\price.php:25
Stack trace:
#0 D:\OSPanel\domains\WPburrito\wp-content\plugins\woocommerce\includes\wc-core-functions.php(345): include()
#1 D:\OSPanel\domains\WPburrito\wp-content\plugins\woocommerce\includes\wc-template-functions.php(1404): wc_get_template()
#2 D:\OSPanel\domains\WPburrito\wp-content\themes\wp_burrito\single.php(41): woocommerce_template_loop_price()
#3 D:\OSPanel\domains\WPburrito\wp-includes\template-loader.php(106): include('D:\\OSPanel\\doma...')
#4 D:\OSPanel\domains\WPburrito\wp-blog-header.php(19): require_once('D:\\OSPanel\\doma...')
#5 D:\OSPanel\domains\WPburrito\index.php(17): require('D:\\OSPanel\\doma...')
#6 {main}
  thrown in D:\OSPanel\domains\WPburrito\wp-content\plugins\woocommerce\templates\loop\price.php on line 25

2023-08-29T06:02:06+00:00 CRITICAL Uncaught Error: Call to a member function get_price_html() on null in D:\OSPanel\domains\WPburrito\wp-content\plugins\woocommerce\templates\loop\price.php:25
Stack trace:
#0 D:\OSPanel\domains\WPburrito\wp-content\plugins\woocommerce\includes\wc-core-functions.php(345): include()
#1 D:\OSPanel\domains\WPburrito\wp-content\plugins\woocommerce\includes\wc-template-functions.php(1404): wc_get_template()
#2 D:\OSPanel\domains\WPburrito\wp-content\themes\wp_burrito\single.php(41): woocommerce_template_loop_price()
#3 D:\OSPanel\domains\WPburrito\wp-includes\template-loader.php(106): include('D:\\OSPanel\\doma...')
#4 D:\OSPanel\domains\WPburrito\wp-blog-header.php(19): require_once('D:\\OSPanel\\doma...')
#5 D:\OSPanel\domains\WPburrito\index.php(17): require('D:\\OSPanel\\doma...')
#6 {main}
  thrown in D:\OSPanel\domains\WPburrito\wp-content\plugins\woocommerce\templates\loop\price.php on line 25

2023-08-29T06:07:35+00:00 CRITICAL Uncaught Error: Call to a member function get_price_html() on null in D:\OSPanel\domains\WPburrito\wp-content\plugins\woocommerce\templates\loop\price.php:25
Stack trace:
#0 D:\OSPanel\domains\WPburrito\wp-content\plugins\woocommerce\includes\wc-core-functions.php(345): include()
#1 D:\OSPanel\domains\WPburrito\wp-content\plugins\woocommerce\includes\wc-template-functions.php(1404): wc_get_template()
#2 D:\OSPanel\domains\WPburrito\wp-content\themes\wp_burrito\single.php(41): woocommerce_template_loop_price()
#3 D:\OSPanel\domains\WPburrito\wp-includes\template-loader.php(106): include('D:\\OSPanel\\doma...')
#4 D:\OSPanel\domains\WPburrito\wp-blog-header.php(19): require_once('D:\\OSPanel\\doma...')
#5 D:\OSPanel\domains\WPburrito\index.php(17): require('D:\\OSPanel\\doma...')
#6 {main}
  thrown in D:\OSPanel\domains\WPburrito\wp-content\plugins\woocommerce\templates\loop\price.php on line 25

2023-08-29T06:07:42+00:00 CRITICAL Uncaught Error: Call to a member function get_price_html() on null in D:\OSPanel\domains\WPburrito\wp-content\plugins\woocommerce\templates\loop\price.php:25
Stack trace:
#0 D:\OSPanel\domains\WPburrito\wp-content\plugins\woocommerce\includes\wc-core-functions.php(345): include()
#1 D:\OSPanel\domains\WPburrito\wp-content\plugins\woocommerce\includes\wc-template-functions.php(1404): wc_get_template()
#2 D:\OSPanel\domains\WPburrito\wp-content\themes\wp_burrito\single.php(41): woocommerce_template_loop_price()
#3 D:\OSPanel\domains\WPburrito\wp-includes\template-loader.php(106): include('D:\\OSPanel\\doma...')
#4 D:\OSPanel\domains\WPburrito\wp-blog-header.php(19): require_once('D:\\OSPanel\\doma...')
#5 D:\OSPanel\domains\WPburrito\index.php(17): require('D:\\OSPanel\\doma...')
#6 {main}
  thrown in D:\OSPanel\domains\WPburrito\wp-content\plugins\woocommerce\templates\loop\price.php on line 25

2023-08-29T06:10:26+00:00 CRITICAL syntax error, unexpected 'else' (T_ELSE) in D:\OSPanel\domains\WPburrito\wp-content\themes\wp_burrito\single.php on line 95

2023-08-29T06:11:26+00:00 CRITICAL syntax error, unexpected 'else' (T_ELSE) in D:\OSPanel\domains\WPburrito\wp-content\themes\wp_burrito\single.php on line 93

2023-08-29T06:13:25+00:00 CRITICAL Uncaught Error: Call to a member function get_price_html() on null in D:\OSPanel\domains\WPburrito\wp-content\plugins\woocommerce\templates\loop\price.php:25
Stack trace:
#0 D:\OSPanel\domains\WPburrito\wp-content\plugins\woocommerce\includes\wc-core-functions.php(345): include()
#1 D:\OSPanel\domains\WPburrito\wp-content\plugins\woocommerce\includes\wc-template-functions.php(1404): wc_get_template()
#2 D:\OSPanel\domains\WPburrito\wp-content\themes\wp_burrito\single.php(67): woocommerce_template_loop_price()
#3 D:\OSPanel\domains\WPburrito\wp-includes\template-loader.php(106): include('D:\\OSPanel\\doma...')
#4 D:\OSPanel\domains\WPburrito\wp-blog-header.php(19): require_once('D:\\OSPanel\\doma...')
#5 D:\OSPanel\domains\WPburrito\index.php(17): require('D:\\OSPanel\\doma...')
#6 {main}
  thrown in D:\OSPanel\domains\WPburrito\wp-content\plugins\woocommerce\templates\loop\price.php on line 25

2023-08-29T06:20:42+00:00 CRITICAL Uncaught Error: Call to a member function get_price_html() on null in D:\OSPanel\domains\WPburrito\wp-content\plugins\woocommerce\templates\loop\price.php:25
Stack trace:
#0 D:\OSPanel\domains\WPburrito\wp-content\plugins\woocommerce\includes\wc-core-functions.php(345): include()
#1 D:\OSPanel\domains\WPburrito\wp-content\plugins\woocommerce\includes\wc-template-functions.php(1404): wc_get_template()
#2 D:\OSPanel\domains\WPburrito\wp-content\themes\wp_burrito\single.php(67): woocommerce_template_loop_price()
#3 D:\OSPanel\domains\WPburrito\wp-includes\template-loader.php(106): include('D:\\OSPanel\\doma...')
#4 D:\OSPanel\domains\WPburrito\wp-blog-header.php(19): require_once('D:\\OSPanel\\doma...')
#5 D:\OSPanel\domains\WPburrito\index.php(17): require('D:\\OSPanel\\doma...')
#6 {main}
  thrown in D:\OSPanel\domains\WPburrito\wp-content\plugins\woocommerce\templates\loop\price.php on line 25

2023-08-29T06:21:20+00:00 CRITICAL Uncaught Error: Call to a member function get_price_html() on string in D:\OSPanel\domains\WPburrito\wp-content\plugins\woocommerce\templates\loop\price.php:25
Stack trace:
#0 D:\OSPanel\domains\WPburrito\wp-content\plugins\woocommerce\includes\wc-core-functions.php(345): include()
#1 D:\OSPanel\domains\WPburrito\wp-content\plugins\woocommerce\includes\wc-template-functions.php(1404): wc_get_template()
#2 D:\OSPanel\domains\WPburrito\wp-content\themes\wp_burrito\single.php(68): woocommerce_template_loop_price()
#3 D:\OSPanel\domains\WPburrito\wp-includes\template-loader.php(106): include('D:\\OSPanel\\doma...')
#4 D:\OSPanel\domains\WPburrito\wp-blog-header.php(19): require_once('D:\\OSPanel\\doma...')
#5 D:\OSPanel\domains\WPburrito\index.php(17): require('D:\\OSPanel\\doma...')
#6 {main}
  thrown in D:\OSPanel\domains\WPburrito\wp-content\plugins\woocommerce\templates\loop\price.php on line 25

2023-08-29T06:39:38+00:00 CRITICAL Uncaught Error: Call to a member function get_price_html() on null in D:\OSPanel\domains\WPburrito\wp-content\plugins\woocommerce\templates\loop\price.php:25
Stack trace:
#0 D:\OSPanel\domains\WPburrito\wp-content\plugins\woocommerce\includes\wc-core-functions.php(345): include()
#1 D:\OSPanel\domains\WPburrito\wp-content\plugins\woocommerce\includes\wc-template-functions.php(1404): wc_get_template()
#2 D:\OSPanel\domains\WPburrito\wp-content\themes\wp_burrito\single.php(67): woocommerce_template_loop_price()
#3 D:\OSPanel\domains\WPburrito\wp-includes\template-loader.php(106): include('D:\\OSPanel\\doma...')
#4 D:\OSPanel\domains\WPburrito\wp-blog-header.php(19): require_once('D:\\OSPanel\\doma...')
#5 D:\OSPanel\domains\WPburrito\index.php(17): require('D:\\OSPanel\\doma...')
#6 {main}
  thrown in D:\OSPanel\domains\WPburrito\wp-content\plugins\woocommerce\templates\loop\price.php on line 25

2023-08-29T06:40:39+00:00 CRITICAL Uncaught Error: Call to a member function get_price_html() on null in D:\OSPanel\domains\WPburrito\wp-content\plugins\woocommerce\templates\loop\price.php:25
Stack trace:
#0 D:\OSPanel\domains\WPburrito\wp-content\plugins\woocommerce\includes\wc-core-functions.php(345): include()
#1 D:\OSPanel\domains\WPburrito\wp-content\plugins\woocommerce\includes\wc-template-functions.php(1404): wc_get_template()
#2 D:\OSPanel\domains\WPburrito\wp-content\themes\wp_burrito\single.php(67): woocommerce_template_loop_price()
#3 D:\OSPanel\domains\WPburrito\wp-includes\template-loader.php(106): include('D:\\OSPanel\\doma...')
#4 D:\OSPanel\domains\WPburrito\wp-blog-header.php(19): require_once('D:\\OSPanel\\doma...')
#5 D:\OSPanel\domains\WPburrito\index.php(17): require('D:\\OSPanel\\doma...')
#6 {main}
  thrown in D:\OSPanel\domains\WPburrito\wp-content\plugins\woocommerce\templates\loop\price.php on line 25

2023-08-29T06:40:44+00:00 CRITICAL Uncaught Error: Call to a member function get_price_html() on null in D:\OSPanel\domains\WPburrito\wp-content\plugins\woocommerce\templates\loop\price.php:25
Stack trace:
#0 D:\OSPanel\domains\WPburrito\wp-content\plugins\woocommerce\includes\wc-core-functions.php(345): include()
#1 D:\OSPanel\domains\WPburrito\wp-content\plugins\woocommerce\includes\wc-template-functions.php(1404): wc_get_template()
#2 D:\OSPanel\domains\WPburrito\wp-content\themes\wp_burrito\single.php(67): woocommerce_template_loop_price()
#3 D:\OSPanel\domains\WPburrito\wp-includes\template-loader.php(106): include('D:\\OSPanel\\doma...')
#4 D:\OSPanel\domains\WPburrito\wp-blog-header.php(19): require_once('D:\\OSPanel\\doma...')
#5 D:\OSPanel\domains\WPburrito\index.php(17): require('D:\\OSPanel\\doma...')
#6 {main}
  thrown in D:\OSPanel\domains\WPburrito\wp-content\plugins\woocommerce\templates\loop\price.php on line 25

2023-08-29T06:41:08+00:00 CRITICAL Uncaught Error: Call to a member function get_price_html() on null in D:\OSPanel\domains\WPburrito\wp-content\plugins\woocommerce\templates\loop\price.php:25
Stack trace:
#0 D:\OSPanel\domains\WPburrito\wp-content\plugins\woocommerce\includes\wc-core-functions.php(345): include()
#1 D:\OSPanel\domains\WPburrito\wp-content\plugins\woocommerce\includes\wc-template-functions.php(1404): wc_get_template()
#2 D:\OSPanel\domains\WPburrito\wp-content\themes\wp_burrito\single.php(67): woocommerce_template_loop_price()
#3 D:\OSPanel\domains\WPburrito\wp-includes\template-loader.php(106): include('D:\\OSPanel\\doma...')
#4 D:\OSPanel\domains\WPburrito\wp-blog-header.php(19): require_once('D:\\OSPanel\\doma...')
#5 D:\OSPanel\domains\WPburrito\index.php(17): require('D:\\OSPanel\\doma...')
#6 {main}
  thrown in D:\OSPanel\domains\WPburrito\wp-content\plugins\woocommerce\templates\loop\price.php on line 25

2023-08-29T06:41:26+00:00 CRITICAL Uncaught Error: Call to a member function get_price_html() on null in D:\OSPanel\domains\WPburrito\wp-content\plugins\woocommerce\templates\loop\price.php:25
Stack trace:
#0 D:\OSPanel\domains\WPburrito\wp-content\plugins\woocommerce\includes\wc-core-functions.php(345): include()
#1 D:\OSPanel\domains\WPburrito\wp-content\plugins\woocommerce\includes\wc-template-functions.php(1404): wc_get_template()
#2 D:\OSPanel\domains\WPburrito\wp-content\themes\wp_burrito\single.php(67): woocommerce_template_loop_price()
#3 D:\OSPanel\domains\WPburrito\wp-includes\template-loader.php(106): include('D:\\OSPanel\\doma...')
#4 D:\OSPanel\domains\WPburrito\wp-blog-header.php(19): require_once('D:\\OSPanel\\doma...')
#5 D:\OSPanel\domains\WPburrito\index.php(17): require('D:\\OSPanel\\doma...')
#6 {main}
  thrown in D:\OSPanel\domains\WPburrito\wp-content\plugins\woocommerce\templates\loop\price.php on line 25

2023-08-29T06:45:41+00:00 CRITICAL Uncaught Error: Call to a member function get_price_html() on null in D:\OSPanel\domains\WPburrito\wp-content\plugins\woocommerce\templates\loop\price.php:25
Stack trace:
#0 D:\OSPanel\domains\WPburrito\wp-content\plugins\woocommerce\includes\wc-core-functions.php(345): include()
#1 D:\OSPanel\domains\WPburrito\wp-content\plugins\woocommerce\includes\wc-template-functions.php(1404): wc_get_template()
#2 D:\OSPanel\domains\WPburrito\wp-content\themes\wp_burrito\single.php(67): woocommerce_template_loop_price()
#3 D:\OSPanel\domains\WPburrito\wp-includes\template-loader.php(106): include('D:\\OSPanel\\doma...')
#4 D:\OSPanel\domains\WPburrito\wp-blog-header.php(19): require_once('D:\\OSPanel\\doma...')
#5 D:\OSPanel\domains\WPburrito\index.php(17): require('D:\\OSPanel\\doma...')
#6 {main}
  thrown in D:\OSPanel\domains\WPburrito\wp-content\plugins\woocommerce\templates\loop\price.php on line 25

2023-08-29T06:46:26+00:00 CRITICAL Uncaught Error: Call to undefined function reset_post_data() in D:\OSPanel\domains\WPburrito\wp-content\themes\wp_burrito\single.php:101
Stack trace:
#0 D:\OSPanel\domains\WPburrito\wp-includes\template-loader.php(106): include()
#1 D:\OSPanel\domains\WPburrito\wp-blog-header.php(19): require_once('D:\\OSPanel\\doma...')
#2 D:\OSPanel\domains\WPburrito\index.php(17): require('D:\\OSPanel\\doma...')
#3 {main}
  thrown in D:\OSPanel\domains\WPburrito\wp-content\themes\wp_burrito\single.php on line 101

2023-08-29T06:50:24+00:00 CRITICAL syntax error, unexpected '=>' (T_DOUBLE_ARROW), expecting ')' in D:\OSPanel\domains\WPburrito\wp-content\themes\wp_burrito\single.php on line 29

2023-08-29T07:11:52+00:00 CRITICAL syntax error, unexpected end of file in D:\OSPanel\domains\WPburrito\wp-content\themes\wp_burrito\single.php on line 17

2023-08-29T07:12:00+00:00 CRITICAL syntax error, unexpected end of file in D:\OSPanel\domains\WPburrito\wp-content\themes\wp_burrito\single.php on line 24

2023-08-29T07:12:04+00:00 CRITICAL syntax error, unexpected end of file in D:\OSPanel\domains\WPburrito\wp-content\themes\wp_burrito\single.php on line 24

2023-08-29T07:13:05+00:00 CRITICAL syntax error, unexpected end of file in D:\OSPanel\domains\WPburrito\wp-content\themes\wp_burrito\single.php on line 44

2023-08-29T07:13:53+00:00 CRITICAL syntax error, unexpected '<', expecting end of file in D:\OSPanel\domains\WPburrito\wp-content\themes\wp_burrito\single.php on line 4

