2023-06-07T11:12:58+00:00 CRITICAL syntax error, unexpected end of file in D:\OSPanel\domains\WPburrito\wp-content\themes\wp_burrito\index.php on line 411

2023-06-07T11:15:20+00:00 CRITICAL Uncaught Error: Object of class WP_Post could not be converted to string in D:\OSPanel\domains\WPburrito\wp-content\themes\wp_burrito\index.php:19
Stack trace:
#0 D:\OSPanel\domains\WPburrito\wp-includes\template-loader.php(106): include()
#1 D:\OSPanel\domains\WPburrito\wp-blog-header.php(19): require_once('D:\\OSPanel\\doma...')
#2 D:\OSPanel\domains\WPburrito\index.php(17): require('D:\\OSPanel\\doma...')
#3 {main}
  thrown in D:\OSPanel\domains\WPburrito\wp-content\themes\wp_burrito\index.php on line 19

2023-06-07T11:40:31+00:00 CRITICAL Cannot redeclare wp_get_nav_menu_items() (previously declared in D:\OSPanel\domains\WPburrito\wp-includes\nav-menu.php:692) in D:\OSPanel\domains\WPburrito\wp-content\themes\wp_burrito\functions.php on line 11

2023-06-07T11:40:32+00:00 CRITICAL Cannot redeclare wp_get_nav_menu_items() (previously declared in D:\OSPanel\domains\WPburrito\wp-includes\nav-menu.php:692) in D:\OSPanel\domains\WPburrito\wp-content\themes\wp_burrito\functions.php on line 11

2023-06-07T11:40:50+00:00 CRITICAL Cannot redeclare wp_get_nav_menu_items() (previously declared in D:\OSPanel\domains\WPburrito\wp-includes\nav-menu.php:692) in D:\OSPanel\domains\WPburrito\wp-content\themes\wp_burrito\functions.php on line 11

2023-06-07T11:40:51+00:00 CRITICAL Cannot redeclare wp_get_nav_menu_items() (previously declared in D:\OSPanel\domains\WPburrito\wp-includes\nav-menu.php:692) in D:\OSPanel\domains\WPburrito\wp-content\themes\wp_burrito\functions.php on line 11

2023-06-07T11:42:07+00:00 CRITICAL Cannot redeclare wp_get_nav_menu_items() (previously declared in D:\OSPanel\domains\WPburrito\wp-includes\nav-menu.php:692) in D:\OSPanel\domains\WPburrito\wp-content\themes\wp_burrito\functions.php on line 11

2023-06-07T11:42:08+00:00 CRITICAL Cannot redeclare wp_get_nav_menu_items() (previously declared in D:\OSPanel\domains\WPburrito\wp-includes\nav-menu.php:692) in D:\OSPanel\domains\WPburrito\wp-content\themes\wp_burrito\functions.php on line 11

2023-06-07T11:42:10+00:00 CRITICAL Cannot redeclare wp_get_nav_menu_items() (previously declared in D:\OSPanel\domains\WPburrito\wp-includes\nav-menu.php:692) in D:\OSPanel\domains\WPburrito\wp-content\themes\wp_burrito\functions.php on line 11

2023-06-07T13:12:15+00:00 CRITICAL syntax error, unexpected ',' in D:\OSPanel\domains\WPburrito\wp-content\themes\wp_burrito\index.php on line 15

2023-06-07T13:30:35+00:00 CRITICAL syntax error, unexpected '$classes' (T_VARIABLE), expecting function (T_FUNCTION) or const (T_CONST) in D:\OSPanel\domains\WPburrito\wp-content\themes\wp_burrito\functions.php on line 23

2023-06-07T13:30:36+00:00 CRITICAL syntax error, unexpected '$classes' (T_VARIABLE), expecting function (T_FUNCTION) or const (T_CONST) in D:\OSPanel\domains\WPburrito\wp-content\themes\wp_burrito\functions.php on line 23

2023-06-07T13:31:13+00:00 CRITICAL syntax error, unexpected '$classes' (T_VARIABLE), expecting function (T_FUNCTION) or const (T_CONST) in D:\OSPanel\domains\WPburrito\wp-content\themes\wp_burrito\functions.php on line 24

2023-06-07T13:31:14+00:00 CRITICAL syntax error, unexpected '$classes' (T_VARIABLE), expecting function (T_FUNCTION) or const (T_CONST) in D:\OSPanel\domains\WPburrito\wp-content\themes\wp_burrito\functions.php on line 24

2023-06-07T13:36:57+00:00 CRITICAL syntax error, unexpected '$classes' (T_VARIABLE), expecting function (T_FUNCTION) or const (T_CONST) in D:\OSPanel\domains\WPburrito\wp-content\themes\wp_burrito\functions.php on line 24

2023-06-07T13:36:58+00:00 CRITICAL syntax error, unexpected '$classes' (T_VARIABLE), expecting function (T_FUNCTION) or const (T_CONST) in D:\OSPanel\domains\WPburrito\wp-content\themes\wp_burrito\functions.php on line 24

2023-06-07T13:37:53+00:00 CRITICAL Uncaught Error: Call to undefined function my_nav_menu() in D:\OSPanel\domains\WPburrito\wp-content\themes\wp_burrito\index.php:17
Stack trace:
#0 D:\OSPanel\domains\WPburrito\wp-includes\template-loader.php(106): include()
#1 D:\OSPanel\domains\WPburrito\wp-blog-header.php(19): require_once('D:\\OSPanel\\doma...')
#2 D:\OSPanel\domains\WPburrito\index.php(17): require('D:\\OSPanel\\doma...')
#3 {main}
  thrown in D:\OSPanel\domains\WPburrito\wp-content\themes\wp_burrito\index.php on line 17

2023-06-07T13:38:17+00:00 CRITICAL Uncaught Error: Call to undefined function my_nav_menu() in D:\OSPanel\domains\WPburrito\wp-content\themes\wp_burrito\index.php:17
Stack trace:
#0 D:\OSPanel\domains\WPburrito\wp-includes\template-loader.php(106): include()
#1 D:\OSPanel\domains\WPburrito\wp-blog-header.php(19): require_once('D:\\OSPanel\\doma...')
#2 D:\OSPanel\domains\WPburrito\index.php(17): require('D:\\OSPanel\\doma...')
#3 {main}
  thrown in D:\OSPanel\domains\WPburrito\wp-content\themes\wp_burrito\index.php on line 17

2023-06-07T13:57:59+00:00 CRITICAL Uncaught Error: Call to undefined function my_nav_menu() in D:\OSPanel\domains\WPburrito\wp-content\themes\wp_burrito\index.php:23
Stack trace:
#0 D:\OSPanel\domains\WPburrito\wp-includes\template-loader.php(106): include()
#1 D:\OSPanel\domains\WPburrito\wp-blog-header.php(19): require_once('D:\\OSPanel\\doma...')
#2 D:\OSPanel\domains\WPburrito\index.php(17): require('D:\\OSPanel\\doma...')
#3 {main}
  thrown in D:\OSPanel\domains\WPburrito\wp-content\themes\wp_burrito\index.php on line 23

2023-06-07T13:58:31+00:00 CRITICAL Uncaught Error: Array callback has to contain indices 0 and 1 in D:\OSPanel\domains\WPburrito\wp-content\themes\wp_burrito\index.php:21
Stack trace:
#0 D:\OSPanel\domains\WPburrito\wp-includes\template-loader.php(106): include()
#1 D:\OSPanel\domains\WPburrito\wp-blog-header.php(19): require_once('D:\\OSPanel\\doma...')
#2 D:\OSPanel\domains\WPburrito\index.php(17): require('D:\\OSPanel\\doma...')
#3 {main}
  thrown in D:\OSPanel\domains\WPburrito\wp-content\themes\wp_burrito\index.php on line 21

2023-06-07T13:58:34+00:00 CRITICAL Uncaught Error: Array callback has to contain indices 0 and 1 in D:\OSPanel\domains\WPburrito\wp-content\themes\wp_burrito\index.php:21
Stack trace:
#0 D:\OSPanel\domains\WPburrito\wp-includes\template-loader.php(106): include()
#1 D:\OSPanel\domains\WPburrito\wp-blog-header.php(19): require_once('D:\\OSPanel\\doma...')
#2 D:\OSPanel\domains\WPburrito\index.php(17): require('D:\\OSPanel\\doma...')
#3 {main}
  thrown in D:\OSPanel\domains\WPburrito\wp-content\themes\wp_burrito\index.php on line 21

